<top xmlns="https://www.example.org" attr1="value1" attr2="value2">
    <middle>
        asdf
    </middle>
</top>
